2025-10-19 15:36:00,590 - INFO - SUCESSO: Conexão realizada com sucesso.
2025-10-19 15:36:00,610 - INFO - SUCESSO: Categorias selecionadas.
2025-10-19 15:36:12,902 - ERROR - ERRO: connection to server at "localhost" (::1), port 5432 failed: FATAL:  password authentication failed for user "postgares"
.
2025-10-19 15:57:35,443 - INFO - SUCESSO: Conexão realizada com sucesso.
2025-10-19 15:57:35,444 - INFO - SUCESSO: Categorias selecionadas.
2025-10-19 15:58:18,550 - INFO - SUCESSO: Conexão realizada com sucesso.
2025-10-19 15:58:18,551 - INFO - SUCESSO: Categorias selecionadas.
2025-10-22 21:49:08,023 - INFO - SUCESSO: Conexão realizada com sucesso.
2025-10-22 21:49:08,024 - ERROR - ERRO ao tentar selecionar a view: relation "visualizacao_frame_main" does not exist
LINE 1: SELECT * FROM visualizacao_frame_main
                      ^
.
2025-10-22 21:50:20,129 - INFO - SUCESSO: Conexão realizada com sucesso.
2025-10-22 21:50:20,133 - INFO - SUCESSO: View selecionada.
2025-10-22 21:51:36,662 - INFO - SUCESSO: Conexão realizada com sucesso.
2025-10-22 21:51:36,664 - INFO - SUCESSO: View selecionada.
2025-10-22 21:51:51,760 - INFO - SUCESSO: Conexão realizada com sucesso.
2025-10-22 21:51:51,763 - INFO - SUCESSO: View selecionada.
2025-10-22 21:52:14,177 - INFO - SUCESSO: Conexão realizada com sucesso.
2025-10-22 21:52:14,179 - INFO - SUCESSO: View selecionada.
